C:\Program Files\MSBuild\Microsoft.Cpp\v4.0\V140\Microsoft.CppBuild.targets(366,5): warning MSB8003: Could not find WindowsSDKDir variable from the registry.  TargetFrameworkVersion or PlatformToolset may be set to an invalid version number.
  Eeprom_ESP.cpp
c1xx : warning C4117: il nome macro '__cplusplus' è riservato. '#define' ignorato
d:\users\pbecc\onedrive\arduino\opensprinkler\opensprinkler_arduino_v_2_1_6\json_parse_program\__vm\.json_parse_program.vsarduino.h(13): warning C4005: '__ESP8266_ESp8266__': ridefinizione macro
  d:\users\pbecc\onedrive\arduino\opensprinkler\opensprinkler_arduino_v_2_1_6\json_parse_program\__vm\.json_parse_program.vsarduino.h(13): note: argomenti della riga di comando: vedere la precedente definizione di '__ESP8266_ESp8266__'
d:\users\pbecc\onedrive\arduino\opensprinkler\opensprinkler_arduino_v_2_1_6\json_parse_program\__vm\.json_parse_program.vsarduino.h(14): warning C4005: '__ESP8266_ESP8266__': ridefinizione macro
  d:\users\pbecc\onedrive\arduino\opensprinkler\opensprinkler_arduino_v_2_1_6\json_parse_program\__vm\.json_parse_program.vsarduino.h(14): note: argomenti della riga di comando: vedere la precedente definizione di '__ESP8266_ESP8266__'
d:\users\pbecc\onedrive\arduino\opensprinkler\opensprinkler_arduino_v_2_1_6\json_parse_program\__vm\.json_parse_program.vsarduino.h(15): warning C4005: '__ets__': ridefinizione macro
  d:\users\pbecc\onedrive\arduino\opensprinkler\opensprinkler_arduino_v_2_1_6\json_parse_program\__vm\.json_parse_program.vsarduino.h(15): note: argomenti della riga di comando: vedere la precedente definizione di '__ets__'
d:\users\pbecc\onedrive\arduino\opensprinkler\opensprinkler_arduino_v_2_1_6\json_parse_program\__vm\.json_parse_program.vsarduino.h(16): warning C4005: 'ICACHE_FLASH': ridefinizione macro
  d:\users\pbecc\onedrive\arduino\opensprinkler\opensprinkler_arduino_v_2_1_6\json_parse_program\__vm\.json_parse_program.vsarduino.h(16): note: argomenti della riga di comando: vedere la precedente definizione di 'ICACHE_FLASH'
d:\users\pbecc\onedrive\arduino\opensprinkler\opensprinkler_arduino_v_2_1_6\json_parse_program\__vm\.json_parse_program.vsarduino.h(19): warning C4005: 'ARDUINO_ESP8266_ESP12': ridefinizione macro
  d:\users\pbecc\onedrive\arduino\opensprinkler\opensprinkler_arduino_v_2_1_6\json_parse_program\__vm\.json_parse_program.vsarduino.h(19): note: argomenti della riga di comando: vedere la precedente definizione di 'ARDUINO_ESP8266_ESP12'
d:\users\pbecc\onedrive\arduino\opensprinkler\opensprinkler_arduino_v_2_1_6\json_parse_program\__vm\.json_parse_program.vsarduino.h(20): warning C4005: 'ARDUINO_ARCH_ESP8266': ridefinizione macro
  d:\users\pbecc\onedrive\arduino\opensprinkler\opensprinkler_arduino_v_2_1_6\json_parse_program\__vm\.json_parse_program.vsarduino.h(20): note: argomenti della riga di comando: vedere la precedente definizione di 'ARDUINO_ARCH_ESP8266'
d:\users\pbecc\onedrive\arduino\opensprinkler\opensprinkler_arduino_v_2_1_6\json_parse_program\__vm\.json_parse_program.vsarduino.h(21): warning C4005: 'ESP8266': ridefinizione macro
  d:\users\pbecc\onedrive\arduino\opensprinkler\opensprinkler_arduino_v_2_1_6\json_parse_program\__vm\.json_parse_program.vsarduino.h(21): note: argomenti della riga di comando: vedere la precedente definizione di 'ESP8266'
d:\users\pbecc\onedrive\arduino\opensprinkler\opensprinkler_arduino_v_2_1_6\json_parse_program\__vm\.json_parse_program.vsarduino.h(22): warning C4117: il nome macro '__cplusplus' è riservato. '#define' ignorato
d:\users\pbecc\onedrive\arduino\opensprinkler\opensprinkler_arduino_v_2_1_6\json_parse_program\__vm\.json_parse_program.vsarduino.h(31): warning C4005: '__asm__': ridefinizione macro
  d:\users\pbecc\onedrive\arduino\opensprinkler\opensprinkler_arduino_v_2_1_6\json_parse_program\__vm\.json_parse_program.vsarduino.h(26): note: vedere la precedente definizione di '__asm__'
d:\users\pbecc\appdata\local\arduino15\packages\esp8266\tools\xtensa-lx106-elf-gcc\1.20.0-26-gb404fb9-2\xtensa-lx106-elf\include\_ansi.h(65): warning C4005: '_EXFUN': ridefinizione macro
  d:\users\pbecc\onedrive\arduino\opensprinkler\opensprinkler_arduino_v_2_1_6\json_parse_program\__vm\.json_parse_program.vsarduino.h(69): note: vedere la precedente definizione di '_EXFUN'
d:\users\pbecc\appdata\local\arduino15\packages\esp8266\tools\xtensa-lx106-elf-gcc\1.20.0-26-gb404fb9-2\lib\gcc\xtensa-lx106-elf\4.8.2\include\stddef.h(212): error C2371: 'size_t': ridefinizione. Tipi di base differenti.
  d:\users\pbecc\onedrive\arduino\opensprinkler\opensprinkler_arduino_v_2_1_6\json_parse_program\predefined c++ types (compiler internal)(16): note: vedere la dichiarazione di 'size_t'
d:\users\pbecc\appdata\local\arduino15\packages\esp8266\tools\xtensa-lx106-elf-gcc\1.20.0-26-gb404fb9-2\xtensa-lx106-elf\include\stdint.h(42): error C2371: 'uint8_t': ridefinizione. Tipi di base differenti.
  d:\users\pbecc\onedrive\arduino\opensprinkler\opensprinkler_arduino_v_2_1_6\json_parse_program\__vm\.json_parse_program.vsarduino.h(49): note: vedere la dichiarazione di 'uint8_t'
d:\users\pbecc\appdata\local\arduino15\packages\esp8266\tools\xtensa-lx106-elf-gcc\1.20.0-26-gb404fb9-2\lib\gcc\xtensa-lx106-elf\4.8.2\include\stdarg.h(40): warning C4091: 'typedef ': ignorato a sinistra di 'int' quando non si dichiara alcuna variabile
d:\users\pbecc\appdata\local\arduino15\packages\esp8266\hardware\esp8266\2.0.0-rc2\cores\esp8266\arduino.h(187): error C2371: 'byte': ridefinizione. Tipi di base differenti.
  d:\users\pbecc\onedrive\arduino\opensprinkler\opensprinkler_arduino_v_2_1_6\json_parse_program\__vm\.json_parse_program.vsarduino.h(80): note: vedere la dichiarazione di 'byte'
d:\users\pbecc\appdata\local\arduino15\packages\esp8266\hardware\esp8266\2.0.0-rc2\tools\sdk\include\ets_sys.h(67): error C2059: errore di sintassi: ':'
d:\users\pbecc\appdata\local\arduino15\packages\esp8266\hardware\esp8266\2.0.0-rc2\tools\sdk\include\ets_sys.h(75): error C2059: errore di sintassi: ':'
d:\users\pbecc\appdata\local\arduino15\packages\esp8266\hardware\esp8266\2.0.0-rc2\tools\sdk\include\ets_sys.h(82): error C2059: errore di sintassi: ':'
d:\users\pbecc\appdata\local\arduino15\packages\esp8266\hardware\esp8266\2.0.0-rc2\cores\esp8266\pgmspace.h(15): warning C4005: 'PROGMEM': ridefinizione macro
  d:\users\pbecc\onedrive\arduino\opensprinkler\opensprinkler_arduino_v_2_1_6\json_parse_program\__vm\.json_parse_program.vsarduino.h(51): note: vedere la precedente definizione di 'PROGMEM'
d:\users\pbecc\appdata\local\arduino15\packages\esp8266\hardware\esp8266\2.0.0-rc2\cores\esp8266\pgmspace.h(17): warning C4005: 'PGM_VOID_P': ridefinizione macro
  d:\users\pbecc\onedrive\arduino\opensprinkler\opensprinkler_arduino_v_2_1_6\json_parse_program\__vm\.json_parse_program.vsarduino.h(55): note: vedere la precedente definizione di 'PGM_VOID_P'
d:\users\pbecc\appdata\local\arduino15\packages\esp8266\hardware\esp8266\2.0.0-rc2\cores\esp8266\pgmspace.h(23): warning C4091: 'typedef ': ignorato a sinistra di 'void' quando non si dichiara alcuna variabile
d:\users\pbecc\appdata\local\arduino15\packages\esp8266\hardware\esp8266\2.0.0-rc2\cores\esp8266\hardwareserial.h(100): error C2535: 'size_t HardwareSerial::write(uint8_t)': funzione membro già definita o dichiarata
  d:\users\pbecc\appdata\local\arduino15\packages\esp8266\hardware\esp8266\2.0.0-rc2\cores\esp8266\hardwareserial.h(90): note: vedere la dichiarazione di 'HardwareSerial::write'
d:\users\pbecc\appdata\local\arduino15\packages\esp8266\hardware\esp8266\2.0.0-rc2\cores\esp8266\esp.h(139): error C2059: errore di sintassi: ':'
d:\users\pbecc\appdata\local\arduino15\packages\esp8266\hardware\esp8266\2.0.0-rc2\cores\esp8266\md5builder.h(34): warning C4267: 'argomento': conversione da 'size_t' a 'uint16_t'. Possibile perdita di dati.
d:\users\pbecc\onedrive\arduino\opensprinkler\opensprinkler_arduino_v_2_1_6\json_parse_program\__vm\.json_parse_program.vsarduino.h(93): warning C4005: 'pgm_read_byte': ridefinizione macro
  d:\users\pbecc\appdata\local\arduino15\packages\esp8266\hardware\esp8266\2.0.0-rc2\cores\esp8266\pgmspace.h(84): note: vedere la precedente definizione di 'pgm_read_byte'
d:\users\pbecc\onedrive\arduino\opensprinkler\opensprinkler_arduino_v_2_1_6\json_parse_program\__vm\.json_parse_program.vsarduino.h(94): warning C4005: 'pgm_read_word': ridefinizione macro
  d:\users\pbecc\appdata\local\arduino15\packages\esp8266\hardware\esp8266\2.0.0-rc2\cores\esp8266\pgmspace.h(93): note: vedere la precedente definizione di 'pgm_read_word'
d:\users\pbecc\onedrive\arduino\opensprinkler\opensprinkler_arduino_v_2_1_6\json_parse_program\__vm\.json_parse_program.vsarduino.h(96): warning C4005: 'digitalPinToPort': ridefinizione macro
  d:\users\pbecc\appdata\local\arduino15\packages\esp8266\hardware\esp8266\2.0.0-rc2\cores\esp8266\arduino.h(224): note: vedere la precedente definizione di 'digitalPinToPort'
d:\users\pbecc\onedrive\arduino\opensprinkler\opensprinkler_arduino_v_2_1_6\json_parse_program\__vm\.json_parse_program.vsarduino.h(97): warning C4005: 'digitalPinToBitMask': ridefinizione macro
  d:\users\pbecc\appdata\local\arduino15\packages\esp8266\hardware\esp8266\2.0.0-rc2\cores\esp8266\arduino.h(225): note: vedere la precedente definizione di 'digitalPinToBitMask'
d:\users\pbecc\onedrive\arduino\opensprinkler\opensprinkler_arduino_v_2_1_6\json_parse_program\__vm\.json_parse_program.vsarduino.h(98): warning C4005: 'digitalPinToTimer': ridefinizione macro
  d:\users\pbecc\appdata\local\arduino15\packages\esp8266\hardware\esp8266\2.0.0-rc2\cores\esp8266\arduino.h(226): note: vedere la precedente definizione di 'digitalPinToTimer'
d:\users\pbecc\onedrive\arduino\opensprinkler\opensprinkler_arduino_v_2_1_6\json_parse_program\__vm\.json_parse_program.vsarduino.h(100): warning C4005: 'portOutputRegister': ridefinizione macro
  d:\users\pbecc\appdata\local\arduino15\packages\esp8266\hardware\esp8266\2.0.0-rc2\cores\esp8266\arduino.h(227): note: vedere la precedente definizione di 'portOutputRegister'
d:\users\pbecc\onedrive\arduino\opensprinkler\opensprinkler_arduino_v_2_1_6\json_parse_program\__vm\.json_parse_program.vsarduino.h(101): warning C4005: 'portInputRegister': ridefinizione macro
  d:\users\pbecc\appdata\local\arduino15\packages\esp8266\hardware\esp8266\2.0.0-rc2\cores\esp8266\arduino.h(228): note: vedere la precedente definizione di 'portInputRegister'
d:\users\pbecc\onedrive\arduino\opensprinkler\opensprinkler_arduino_v_2_1_6\json_parse_program\__vm\.json_parse_program.vsarduino.h(102): warning C4005: 'portModeRegister': ridefinizione macro
  d:\users\pbecc\appdata\local\arduino15\packages\esp8266\hardware\esp8266\2.0.0-rc2\cores\esp8266\arduino.h(229): note: vedere la precedente definizione di 'portModeRegister'
d:\users\pbecc\appdata\local\arduino15\packages\esp8266\tools\xtensa-lx106-elf-gcc\1.20.0-26-gb404fb9-2\xtensa-lx106-elf\include\c++\4.8.2\memory(46): warning C4068: pragma sconosciuto
d:\users\pbecc\appdata\local\arduino15\packages\esp8266\tools\xtensa-lx106-elf-gcc\1.20.0-26-gb404fb9-2\xtensa-lx106-elf\include\c++\4.8.2\bits\cpp_type_traits.h(35): warning C4068: pragma sconosciuto
d:\users\pbecc\appdata\local\arduino15\packages\esp8266\tools\xtensa-lx106-elf-gcc\1.20.0-26-gb404fb9-2\xtensa-lx106-elf\include\c++\4.8.2\ext\type_traits.h(32): warning C4068: pragma sconosciuto
d:\users\pbecc\appdata\local\arduino15\packages\esp8266\tools\xtensa-lx106-elf-gcc\1.20.0-26-gb404fb9-2\xtensa-lx106-elf\include\c++\4.8.2\ext\type_traits.h(188): error C2143: errore di sintassi: ')' mancante prima di '+'
  d:\users\pbecc\appdata\local\arduino15\packages\esp8266\tools\xtensa-lx106-elf-gcc\1.20.0-26-gb404fb9-2\xtensa-lx106-elf\include\c++\4.8.2\ext\type_traits.h(189): note: vedere il riferimento all'istanza '<Sconosciuto>' della classe <Sconosciuto> di cui è in corso la compilazione
d:\users\pbecc\appdata\local\arduino15\packages\esp8266\tools\xtensa-lx106-elf-gcc\1.20.0-26-gb404fb9-2\xtensa-lx106-elf\include\c++\4.8.2\ext\type_traits.h(188): error C2143: errore di sintassi: ';' mancante prima di '+'
d:\users\pbecc\appdata\local\arduino15\packages\esp8266\tools\xtensa-lx106-elf-gcc\1.20.0-26-gb404fb9-2\xtensa-lx106-elf\include\c++\4.8.2\ext\type_traits.h(188): error C4430: identificatore di tipo mancante, verrà utilizzato int. Nota: default-int non è più supportato in C++
d:\users\pbecc\appdata\local\arduino15\packages\esp8266\tools\xtensa-lx106-elf-gcc\1.20.0-26-gb404fb9-2\xtensa-lx106-elf\include\c++\4.8.2\ext\type_traits.h(188): error C2059: errore di sintassi: '+'
d:\users\pbecc\appdata\local\arduino15\packages\esp8266\tools\xtensa-lx106-elf-gcc\1.20.0-26-gb404fb9-2\xtensa-lx106-elf\include\c++\4.8.2\ext\type_traits.h(188): error C2059: errore di sintassi: ')'
d:\users\pbecc\appdata\local\arduino15\packages\esp8266\tools\xtensa-lx106-elf-gcc\1.20.0-26-gb404fb9-2\xtensa-lx106-elf\include\c++\4.8.2\ext\type_traits.h(188): error C2238: token imprevisti prima di ';'
d:\users\pbecc\appdata\local\arduino15\packages\esp8266\tools\xtensa-lx106-elf-gcc\1.20.0-26-gb404fb9-2\xtensa-lx106-elf\include\c++\4.8.2\ext\type_traits.h(197): error C2143: errore di sintassi: ')' mancante prima di '+'
  d:\users\pbecc\appdata\local\arduino15\packages\esp8266\tools\xtensa-lx106-elf-gcc\1.20.0-26-gb404fb9-2\xtensa-lx106-elf\include\c++\4.8.2\ext\type_traits.h(198): note: vedere il riferimento all'istanza '<Sconosciuto>' della classe <Sconosciuto> di cui è in corso la compilazione
d:\users\pbecc\appdata\local\arduino15\packages\esp8266\tools\xtensa-lx106-elf-gcc\1.20.0-26-gb404fb9-2\xtensa-lx106-elf\include\c++\4.8.2\ext\type_traits.h(197): error C2143: errore di sintassi: ';' mancante prima di '+'
d:\users\pbecc\appdata\local\arduino15\packages\esp8266\tools\xtensa-lx106-elf-gcc\1.20.0-26-gb404fb9-2\xtensa-lx106-elf\include\c++\4.8.2\ext\type_traits.h(197): error C4430: identificatore di tipo mancante, verrà utilizzato int. Nota: default-int non è più supportato in C++
d:\users\pbecc\appdata\local\arduino15\packages\esp8266\tools\xtensa-lx106-elf-gcc\1.20.0-26-gb404fb9-2\xtensa-lx106-elf\include\c++\4.8.2\ext\type_traits.h(197): error C2059: errore di sintassi: '+'
d:\users\pbecc\appdata\local\arduino15\packages\esp8266\tools\xtensa-lx106-elf-gcc\1.20.0-26-gb404fb9-2\xtensa-lx106-elf\include\c++\4.8.2\ext\type_traits.h(197): error C2059: errore di sintassi: ')'
d:\users\pbecc\appdata\local\arduino15\packages\esp8266\tools\xtensa-lx106-elf-gcc\1.20.0-26-gb404fb9-2\xtensa-lx106-elf\include\c++\4.8.2\ext\type_traits.h(197): error C2238: token imprevisti prima di ';'
d:\users\pbecc\appdata\local\arduino15\packages\esp8266\tools\xtensa-lx106-elf-gcc\1.20.0-26-gb404fb9-2\xtensa-lx106-elf\include\c++\4.8.2\ext\type_traits.h(207): error C2143: errore di sintassi: ')' mancante prima di '+'
  d:\users\pbecc\appdata\local\arduino15\packages\esp8266\tools\xtensa-lx106-elf-gcc\1.20.0-26-gb404fb9-2\xtensa-lx106-elf\include\c++\4.8.2\ext\type_traits.h(208): note: vedere il riferimento all'istanza '<Sconosciuto>' della classe <Sconosciuto> di cui è in corso la compilazione
d:\users\pbecc\appdata\local\arduino15\packages\esp8266\tools\xtensa-lx106-elf-gcc\1.20.0-26-gb404fb9-2\xtensa-lx106-elf\include\c++\4.8.2\ext\type_traits.h(207): error C2143: errore di sintassi: ';' mancante prima di '+'
d:\users\pbecc\appdata\local\arduino15\packages\esp8266\tools\xtensa-lx106-elf-gcc\1.20.0-26-gb404fb9-2\xtensa-lx106-elf\include\c++\4.8.2\ext\type_traits.h(207): error C4430: identificatore di tipo mancante, verrà utilizzato int. Nota: default-int non è più supportato in C++
d:\users\pbecc\appdata\local\arduino15\packages\esp8266\tools\xtensa-lx106-elf-gcc\1.20.0-26-gb404fb9-2\xtensa-lx106-elf\include\c++\4.8.2\ext\type_traits.h(207): error C2059: errore di sintassi: '+'
d:\users\pbecc\appdata\local\arduino15\packages\esp8266\tools\xtensa-lx106-elf-gcc\1.20.0-26-gb404fb9-2\xtensa-lx106-elf\include\c++\4.8.2\ext\type_traits.h(207): error C2059: errore di sintassi: ')'
d:\users\pbecc\appdata\local\arduino15\packages\esp8266\tools\xtensa-lx106-elf-gcc\1.20.0-26-gb404fb9-2\xtensa-lx106-elf\include\c++\4.8.2\ext\type_traits.h(207): error C2238: token imprevisti prima di ';'
d:\users\pbecc\appdata\local\arduino15\packages\esp8266\tools\xtensa-lx106-elf-gcc\1.20.0-26-gb404fb9-2\xtensa-lx106-elf\include\c++\4.8.2\ext\numeric_traits.h(32): warning C4068: pragma sconosciuto
d:\users\pbecc\appdata\local\arduino15\packages\esp8266\tools\xtensa-lx106-elf-gcc\1.20.0-26-gb404fb9-2\xtensa-lx106-elf\include\c++\4.8.2\bits\concept_check.h(33): warning C4068: pragma sconosciuto
d:\users\pbecc\appdata\local\arduino15\packages\esp8266\tools\xtensa-lx106-elf-gcc\1.20.0-26-gb404fb9-2\xtensa-lx106-elf\include\c++\4.8.2\bits\stl_pair.h(108): error C2059: errore di sintassi: '['
  d:\users\pbecc\appdata\local\arduino15\packages\esp8266\tools\xtensa-lx106-elf-gcc\1.20.0-26-gb404fb9-2\xtensa-lx106-elf\include\c++\4.8.2\bits\stl_pair.h(209): note: vedere il riferimento all'istanza '<Sconosciuto>' della classe <Sconosciuto> di cui è in corso la compilazione
d:\users\pbecc\appdata\local\arduino15\packages\esp8266\tools\xtensa-lx106-elf-gcc\1.20.0-26-gb404fb9-2\xtensa-lx106-elf\include\c++\4.8.2\bits\stl_pair.h(108): error C2334: token imprevisti prima di '{'. Il corpo apparente della funzione verrà ignorato.
d:\users\pbecc\appdata\local\arduino15\packages\esp8266\tools\xtensa-lx106-elf-gcc\1.20.0-26-gb404fb9-2\xtensa-lx106-elf\include\c++\4.8.2\bits\stl_pair.h(108): error C2059: errore di sintassi: ')'
d:\users\pbecc\appdata\local\arduino15\packages\esp8266\tools\xtensa-lx106-elf-gcc\1.20.0-26-gb404fb9-2\xtensa-lx106-elf\include\c++\4.8.2\bits\stl_pair.h(109): error C2334: token imprevisti prima di ':'. Il corpo apparente della funzione verrà ignorato.
d:\users\pbecc\appdata\local\arduino15\packages\esp8266\tools\xtensa-lx106-elf-gcc\1.20.0-26-gb404fb9-2\xtensa-lx106-elf\include\c++\4.8.2\bits\stl_pair.h(66): fatal error C1075: alla fine del file l'elemento parentesi graffa '{' di sinistra è senza corrispondenza
